<?xml version="1.0" encoding="UTF-8"?>
<!-- Generated by org.testng.reporters.JUnitXMLReporter -->
<testsuite ignored="0" hostname="LAPTOP-I9NV3AVS" failures="1" tests="1" name="Default test" time="0.901" errors="0" timestamp="2024-07-01T20:00:13 IST">
  <testcase classname="io.cucumber.testng.AbstractTestNGCucumberTests" name="runScenario" time="0.165">
    <failure type="java.lang.NullPointerException" message="Cannot invoke &amp;quot;meghanaacademy.SeleniumFrameworkDesign.LandingPage.LoginApplication(String, String)&amp;quot; because &amp;quot;this.landingPage&amp;quot; is null">
      <![CDATA[java.lang.NullPointerException: Cannot invoke "meghanaacademy.SeleniumFrameworkDesign.LandingPage.LoginApplication(String, String)" because "this.landingPage" is null
at meghanaacademy.stepDefinitions.StepDefinitionImpl.logged_in_with_username_and_password(StepDefinitionImpl.java:34)
at ✽.Logged in with username meghanachandrakant.26@gmail.com and password Meghsch@nd1(file:///C:/Users/Meghana%20Chandrakant/eclipse-workspace/SeleniumFrameworkDesign/src/test/java/cucumber/SubmitOrder.feature:11)
]]>
    </failure>
  </testcase> <!-- runScenario -->
</testsuite> <!-- Default test -->
