<?xml version="1.0" encoding="UTF-8"?>
<!-- Generated by org.testng.reporters.JUnitXMLReporter -->
<testsuite ignored="0" hostname="LAPTOP-I9NV3AVS" failures="0" tests="2" name="Default test" time="29.019" errors="0" timestamp="2024-07-09T22:14:07 IST">
  <testcase classname="meghanaacademy.SeleniumFrameworkDesign.SubmitOrderTest" name="submitOrder" time="18.272"/>
  <testcase classname="meghanaacademy.SeleniumFrameworkDesign.SubmitOrderTest" name="orderHistoryTest" time="1.027"/>
</testsuite> <!-- Default test -->
