<?xml version="1.0" encoding="UTF-8"?>
<!-- Generated by org.testng.reporters.JUnitXMLReporter -->
<testsuite ignored="0" hostname="LAPTOP-I9NV3AVS" failures="0" tests="2" name="Submit Order Test" time="0.076" errors="0" timestamp="2024-06-27T18:05:34 IST">
  <testcase classname="meghanaacademy.TestComponents.BaseTest" name="@BeforeMethod launchApplication" time="0.005">
    <failure type="java.lang.NullPointerException" message="Cannot invoke &amp;quot;org.openqa.selenium.WebDriver.manage()&amp;quot; because &amp;quot;this.driver&amp;quot; is null">
      <![CDATA[java.lang.NullPointerException: Cannot invoke "org.openqa.selenium.WebDriver.manage()" because "this.driver" is null
at meghanaacademy.TestComponents.BaseTest.initializeDriver(BaseTest.java:47)
at meghanaacademy.TestComponents.BaseTest.launchApplication(BaseTest.java:81)
at java.base/java.util.ArrayList.forEach(ArrayList.java:1596)
... Removed 33 stack frames]]>
    </failure>
  </testcase> <!-- @BeforeMethod launchApplication -->
  <testcase classname="meghanaacademy.SeleniumFrameworkDesign.SubmitOrderTest" name="submitOrder" time="0.0">
    <skipped/>
  </testcase> <!-- submitOrder -->
  <testcase classname="meghanaacademy.SeleniumFrameworkDesign.SubmitOrderTest" name="orderHistoryTest" time="0.0">
    <skipped/>
  </testcase> <!-- orderHistoryTest -->
</testsuite> <!-- Submit Order Test -->
