<?xml version="1.0" encoding="UTF-8"?>
<!-- Generated by org.testng.reporters.JUnitReportReporter -->
<testsuite hostname="LAPTOP-I9NV3AVS" failures="0" tests="1" name="cucumber.TestNGTestRunner" time="0.165" errors="1" timestamp="2024-07-01T20:00:13 IST" skipped="0">
  <testcase classname="cucumber.TestNGTestRunner" name="runScenario" time="0.165">
    <error message="Cannot invoke &quot;meghanaacademy.SeleniumFrameworkDesign.LandingPage.LoginApplication(String, String)&quot; because &quot;this.landingPage&quot; is null" type="java.lang.NullPointerException">
      <![CDATA[java.lang.NullPointerException: Cannot invoke "meghanaacademy.SeleniumFrameworkDesign.LandingPage.LoginApplication(String, String)" because "this.landingPage" is null
at meghanaacademy.stepDefinitions.StepDefinitionImpl.logged_in_with_username_and_password(StepDefinitionImpl.java:34)
at ✽.Logged in with username meghanachandrakant.26@gmail.com and password Meghsch@nd1(file:///C:/Users/Meghana%20Chandrakant/eclipse-workspace/SeleniumFrameworkDesign/src/test/java/cucumber/SubmitOrder.feature:11)
]]>
    </error>
  </testcase> <!-- runScenario -->
  <system-out/>
</testsuite> <!-- cucumber.TestNGTestRunner -->
